# JRE version: OpenJDK Runtime Environment (8.0_242) (build 1.8.0_242-release-1644-b3-6222593)
# Java VM: OpenJDK 64-Bit Server VM (25.242-b3-6222593 mixed mode bsd-amd64 compressed oops)
Heap:
 PSYoungGen      total 422400K, used 218975K [0x00000007a0000000, 0x00000007c0000000, 0x00000007c0000000)
  eden space 380928K, 46% used [0x00000007a0000000,0x00000007aad5a198,0x00000007b7400000)
  from space 41472K, 99% used [0x00000007bd780000,0x00000007bfffddd0,0x00000007c0000000)
  to   space 71680K, 0% used [0x00000007b7400000,0x00000007b7400000,0x00000007bba00000)
 ParOldGen       total 218112K, used 111306K [0x0000000760000000, 0x000000076d500000, 0x00000007a0000000)
  object space 218112K, 51% used [0x0000000760000000,0x0000000766cb29f0,0x000000076d500000)
 Metaspace       used 87412K, capacity 92686K, committed 93016K, reserved 1130496K
  class space    used 11690K, capacity 12848K, committed 12928K, reserved 1048576K
GC Heap History (10 events):
Event: 10.675 GC heap before
{Heap before GC invocations=9 (full 2):
 PSYoungGen      total 369152K, used 135873K [0x00000007a0000000, 0x00000007ba900000, 0x00000007c0000000)
  eden space 353280K, 33% used [0x00000007a0000000,0x00000007a75310e8,0x00000007b5900000)
  from space 15872K, 99% used [0x00000007b7100000,0x00000007b807f6f8,0x00000007b8080000)
  to   space 24576K, 0% used [0x00000007b5900000,0x00000007b5900000,0x00000007b7100000)
 ParOldGen       total 148992K, used 30516K [0x0000000760000000, 0x0000000769180000, 0x00000007a0000000)
  object space 148992K, 20% used [0x0000000760000000,0x0000000761dcd308,0x0000000769180000)
 Metaspace       used 56915K, capacity 58880K, committed 58968K, reserved 1099776K
  class space    used 7753K, capacity 8253K, committed 8320K, reserved 1048576K
Event: 10.702 GC heap after
Heap after GC invocations=9 (full 2):
 PSYoungGen      total 377856K, used 23528K [0x00000007a0000000, 0x00000007c0000000, 0x00000007c0000000)
  eden space 353280K, 0% used [0x00000007a0000000,0x00000007a0000000,0x00000007b5900000)
  from space 24576K, 95% used [0x00000007b5900000,0x00000007b6ffa240,0x00000007b7100000)
  to   space 28160K, 0% used [0x00000007be480000,0x00000007be480000,0x00000007c0000000)
 ParOldGen       total 148992K, used 30588K [0x0000000760000000, 0x0000000769180000, 0x00000007a0000000)
  object space 148992K, 20% used [0x0000000760000000,0x0000000761ddf318,0x0000000769180000)
 Metaspace       used 56915K, capacity 58880K, committed 58968K, reserved 1099776K
  class space    used 7753K, capacity 8253K, committed 8320K, reserved 1048576K
}
Event: 10.702 GC heap before
{Heap before GC invocations=10 (full 3):
 PSYoungGen      total 377856K, used 23528K [0x00000007a0000000, 0x00000007c0000000, 0x00000007c0000000)
  eden space 353280K, 0% used [0x00000007a0000000,0x00000007a0000000,0x00000007b5900000)
  from space 24576K, 95% used [0x00000007b5900000,0x00000007b6ffa240,0x00000007b7100000)
  to   space 28160K, 0% used [0x00000007be480000,0x00000007be480000,0x00000007c0000000)
 ParOldGen       total 148992K, used 30588K [0x0000000760000000, 0x0000000769180000, 0x00000007a0000000)
  object space 148992K, 20% used [0x0000000760000000,0x0000000761ddf318,0x0000000769180000)
 Metaspace       used 56915K, capacity 58880K, committed 58968K, reserved 1099776K
  class space    used 7753K, capacity 8253K, committed 8320K, reserved 1048576K
Event: 10.863 GC heap after
Heap after GC invocations=10 (full 3):
 PSYoungGen      total 377856K, used 0K [0x00000007a0000000, 0x00000007c0000000, 0x00000007c0000000)
  eden space 353280K, 0% used [0x00000007a0000000,0x00000007a0000000,0x00000007b5900000)
  from space 24576K, 0% used [0x00000007b5900000,0x00000007b5900000,0x00000007b7100000)
  to   space 28160K, 0% used [0x00000007be480000,0x00000007be480000,0x00000007c0000000)
 ParOldGen       total 218112K, used 38444K [0x0000000760000000, 0x000000076d500000, 0x00000007a0000000)
  object space 218112K, 17% used [0x0000000760000000,0x000000076258b1b8,0x000000076d500000)
 Metaspace       used 56915K, capacity 58880K, committed 58968K, reserved 1099776K
  class space    used 7753K, capacity 8253K, committed 8320K, reserved 1048576K
}
Event: 16.918 GC heap before
{Heap before GC invocations=11 (full 3):
 PSYoungGen      total 377856K, used 353280K [0x00000007a0000000, 0x00000007c0000000, 0x00000007c0000000)
  eden space 353280K, 100% used [0x00000007a0000000,0x00000007b5900000,0x00000007b5900000)
  from space 24576K, 0% used [0x00000007b5900000,0x00000007b5900000,0x00000007b7100000)
  to   space 28160K, 0% used [0x00000007be480000,0x00000007be480000,0x00000007c0000000)
 ParOldGen       total 218112K, used 38444K [0x0000000760000000, 0x000000076d500000, 0x00000007a0000000)
  object space 218112K, 17% used [0x0000000760000000,0x000000076258b1b8,0x000000076d500000)
 Metaspace       used 68085K, capacity 71636K, committed 71896K, reserved 1112064K
  class space    used 9276K, capacity 10212K, committed 10240K, reserved 1048576K
Event: 16.952 GC heap after
Heap after GC invocations=11 (full 3):
 PSYoungGen      total 469504K, used 28134K [0x00000007a0000000, 0x00000007c0000000, 0x00000007c0000000)
  eden space 441344K, 0% used [0x00000007a0000000,0x00000007a0000000,0x00000007baf00000)
  from space 28160K, 99% used [0x00000007be480000,0x00000007bfff9b80,0x00000007c0000000)
  to   space 41472K, 0% used [0x00000007baf00000,0x00000007baf00000,0x00000007bd780000)
 ParOldGen       total 218112K, used 58839K [0x0000000760000000, 0x000000076d500000, 0x00000007a0000000)
  object space 218112K, 26% used [0x0000000760000000,0x0000000763975ce0,0x000000076d500000)
 Metaspace       used 68085K, capacity 71636K, committed 71896K, reserved 1112064K
  class space    used 9276K, capacity 10212K, committed 10240K, reserved 1048576K
}
Event: 33.654 GC heap before
{Heap before GC invocations=12 (full 3):
 PSYoungGen      total 469504K, used 469478K [0x00000007a0000000, 0x00000007c0000000, 0x00000007c0000000)
  eden space 441344K, 100% used [0x00000007a0000000,0x00000007baf00000,0x00000007baf00000)
  from space 28160K, 99% used [0x00000007be480000,0x00000007bfff9b80,0x00000007c0000000)
  to   space 41472K, 0% used [0x00000007baf00000,0x00000007baf00000,0x00000007bd780000)
 ParOldGen       total 218112K, used 58839K [0x0000000760000000, 0x000000076d500000, 0x00000007a0000000)
  object space 218112K, 26% used [0x0000000760000000,0x0000000763975ce0,0x000000076d500000)
 Metaspace       used 73858K, capacity 78526K, committed 78680K, reserved 1116160K
  class space    used 10018K, capacity 11076K, committed 11136K, reserved 1048576K
Event: 33.735 GC heap after
Heap after GC invocations=12 (full 3):
 PSYoungGen      total 482816K, used 41466K [0x00000007a0000000, 0x00000007c0000000, 0x00000007c0000000)
  eden space 441344K, 0% used [0x00000007a0000000,0x00000007a0000000,0x00000007baf00000)
  from space 41472K, 99% used [0x00000007baf00000,0x00000007bd77eaf0,0x00000007bd780000)
  to   space 41472K, 0% used [0x00000007bd780000,0x00000007bd780000,0x00000007c0000000)
 ParOldGen       total 218112K, used 84139K [0x0000000760000000, 0x000000076d500000, 0x00000007a0000000)
  object space 218112K, 38% used [0x0000000760000000,0x000000076522ae50,0x000000076d500000)
 Metaspace       used 73858K, capacity 78526K, committed 78680K, reserved 1116160K
  class space    used 10018K, capacity 11076K, committed 11136K, reserved 1048576K
}
Event: 39.003 GC heap before
{Heap before GC invocations=13 (full 3):
 PSYoungGen      total 482816K, used 482810K [0x00000007a0000000, 0x00000007c0000000, 0x00000007c0000000)
  eden space 441344K, 100% used [0x00000007a0000000,0x00000007baf00000,0x00000007baf00000)
  from space 41472K, 99% used [0x00000007baf00000,0x00000007bd77eaf0,0x00000007bd780000)
  to   space 41472K, 0% used [0x00000007bd780000,0x00000007bd780000,0x00000007c0000000)
 ParOldGen       total 218112K, used 84139K [0x0000000760000000, 0x000000076d500000, 0x00000007a0000000)
  object space 218112K, 38% used [0x0000000760000000,0x000000076522ae50,0x000000076d500000)
 Metaspace       used 82648K, capacity 87548K, committed 87768K, reserved 1124352K
  class space    used 11048K, capacity 12179K, committed 12288K, reserved 1048576K
Event: 39.049 GC heap after
Heap after GC invocations=13 (full 3):
 PSYoungGen      total 422400K, used 41463K [0x00000007a0000000, 0x00000007c0000000, 0x00000007c0000000)
  eden space 380928K, 0% used [0x00000007a0000000,0x00000007a0000000,0x00000007b7400000)
  from space 41472K, 99% used [0x00000007bd780000,0x00000007bfffddd0,0x00000007c0000000)
  to   space 71680K, 0% used [0x00000007b7400000,0x00000007b7400000,0x00000007bba00000)
 ParOldGen       total 218112K, used 111306K [0x0000000760000000, 0x000000076d500000, 0x00000007a0000000)
  object space 218112K, 51% used [0x0000000760000000,0x0000000766cb29f0,0x000000076d500000)
 Metaspace       used 82648K, capacity 87548K, committed 87768K, reserved 1124352K
  class space    used 11048K, capacity 12179K, committed 12288K, reserved 1048576K
}

